tests_edited/app/build/intermediates/manifest_merge_blame_file/debug/manifest-merger-blame-debug-report.txt
1<?xml version="1.0" encoding="utf-8"?>
2<manifest xmlns:android="http://schemas.android.com/apk/res/android"
3    package="com.example.testiruem2"
4    android:versionCode="1"
5    android:versionName="1.0" >
6
7    <uses-sdk
8        android:minSdkVersion="26"
8-->src\main\AndroidManifest.xml
9        android:targetSdkVersion="32" />
9-->src\main\AndroidManifest.xml
10
11    <application
11-->src\main\AndroidManifest.xml:5:5-55:19
12        android:allowBackup="true"
12-->src\main\AndroidManifest.xml:6:9-35
13        android:appComponentFactory="androidx.core.app.CoreComponentFactory"
13-->[androidx.core:core:1.8.0] AndroidManifest.xml:24:18-86
14        android:debuggable="true"
15        android:extractNativeLibs="false"
16        android:icon="@mipmap/ic_launcher"
16-->src\main\AndroidManifest.xml:7:9-43
17        android:label="@string/app_name"
17-->src\main\AndroidManifest.xml:8:9-41
18        android:roundIcon="@mipmap/ic_launcher_round"
18-->src\main\AndroidManifest.xml:9:9-54
19        android:supportsRtl="true"
19-->src\main\AndroidManifest.xml:10:9-35
20        android:testOnly="true"
21        android:theme="@style/Theme.Testiruem2" >
21-->src\main\AndroidManifest.xml:11:9-48
22        <activity
22-->src\main\AndroidManifest.xml:12:9-18:20
23            android:name="com.example.testiruem2.ChangePass"
23-->src\main\AndroidManifest.xml:13:13-39
24            android:exported="false" >
24-->src\main\AndroidManifest.xml:14:13-37
25            <meta-data
25-->src\main\AndroidManifest.xml:15:13-17:36
26                android:name="android.app.lib_name"
26-->src\main\AndroidManifest.xml:16:17-52
27                android:value="" />
27-->src\main\AndroidManifest.xml:17:17-33
28        </activity>
29
30        <meta-data
30-->src\main\AndroidManifest.xml:20:9-22:59
31            android:name="com.google.android.actions"
31-->src\main\AndroidManifest.xml:21:13-54
32            android:resource="@xml/admin_activity_base" />
32-->src\main\AndroidManifest.xml:22:13-56
33
34        <activity
34-->src\main\AndroidManifest.xml:24:9-30:20
35            android:name="com.example.testiruem2.AdminActivity"
35-->src\main\AndroidManifest.xml:25:13-42
36            android:exported="false" >
36-->src\main\AndroidManifest.xml:26:13-37
37            <meta-data
37-->src\main\AndroidManifest.xml:15:13-17:36
38                android:name="android.app.lib_name"
38-->src\main\AndroidManifest.xml:16:17-52
39                android:value="" />
39-->src\main\AndroidManifest.xml:17:17-33
40        </activity>
41        <activity
41-->src\main\AndroidManifest.xml:31:9-43:20
42            android:name="com.example.testiruem2.LoginActivity"
42-->src\main\AndroidManifest.xml:32:13-42
43            android:exported="true" >
43-->src\main\AndroidManifest.xml:33:13-36
44            <meta-data
44-->src\main\AndroidManifest.xml:15:13-17:36
45                android:name="android.app.lib_name"
45-->src\main\AndroidManifest.xml:16:17-52
46                android:value="" />
46-->src\main\AndroidManifest.xml:17:17-33
47
48            <intent-filter>
48-->src\main\AndroidManifest.xml:38:13-42:29
49                <action android:name="android.intent.action.MAIN" />
49-->src\main\AndroidManifest.xml:39:17-69
49-->src\main\AndroidManifest.xml:39:25-66
50
51                <category android:name="android.intent.category.LAUNCHER" />
51-->src\main\AndroidManifest.xml:41:17-77
51-->src\main\AndroidManifest.xml:41:27-74
52            </intent-filter>
53        </activity>
54        <activity
54-->src\main\AndroidManifest.xml:44:9-50:20
55            android:name="com.example.testiruem2.HomeActivity"
55-->src\main\AndroidManifest.xml:45:13-41
56            android:exported="false" >
56-->src\main\AndroidManifest.xml:46:13-37
57            <meta-data
57-->src\main\AndroidManifest.xml:15:13-17:36
58                android:name="android.app.lib_name"
58-->src\main\AndroidManifest.xml:16:17-52
59                android:value="" />
59-->src\main\AndroidManifest.xml:17:17-33
60        </activity>
61        <activity
61-->src\main\AndroidManifest.xml:51:9-53:40
62            android:name="com.example.testiruem2.MainActivity"
62-->src\main\AndroidManifest.xml:52:13-41
63            android:exported="false" />
63-->src\main\AndroidManifest.xml:53:13-37
64        <activity android:name="com.example.testiruem2.SecActivity" />
64-->src\main\AndroidManifest.xml:54:9-49
64-->src\main\AndroidManifest.xml:54:19-46
65
66        <provider
66-->[androidx.emoji2:emoji2:1.2.0] AndroidManifest.xml:24:9-32:20
67            android:name="androidx.startup.InitializationProvider"
67-->[androidx.emoji2:emoji2:1.2.0] AndroidManifest.xml:25:13-67
68            android:authorities="com.example.testiruem2.androidx-startup"
68-->[androidx.emoji2:emoji2:1.2.0] AndroidManifest.xml:26:13-68
69            android:exported="false" >
69-->[androidx.emoji2:emoji2:1.2.0] AndroidManifest.xml:27:13-37
70            <meta-data
70-->[androidx.emoji2:emoji2:1.2.0] AndroidManifest.xml:29:13-31:52
71                android:name="androidx.emoji2.text.EmojiCompatInitializer"
71-->[androidx.emoji2:emoji2:1.2.0] AndroidManifest.xml:30:17-75
72                android:value="androidx.startup" />
72-->[androidx.emoji2:emoji2:1.2.0] AndroidManifest.xml:31:17-49
73            <meta-data
73-->[androidx.lifecycle:lifecycle-process:2.4.1] AndroidManifest.xml:31:13-33:52
74                android:name="androidx.lifecycle.ProcessLifecycleInitializer"
74-->[androidx.lifecycle:lifecycle-process:2.4.1] AndroidManifest.xml:32:17-78
75                android:value="androidx.startup" />
75-->[androidx.lifecycle:lifecycle-process:2.4.1] AndroidManifest.xml:33:17-49
76        </provider>
77    </application>
78
79</manifest>